# JRE version: Java(TM) SE Runtime Environment (16.0+36) (build 16+36-2231)
# Java VM: Java HotSpot(TM) 64-Bit Server VM (16+36-2231, mixed mode, sharing, tiered, compressed oops, g1 gc, windows-amd64)
GC Precious Log:
 CPUs: 2 total, 2 available
 Memory: 7055M
 Large Page Support: Disabled
 NUMA Support: Disabled
 Compressed Oops: Enabled (32-bit)
 Heap Region Size: 1M
 Heap Min Capacity: 8M
 Heap Initial Capacity: 112M
 Heap Max Capacity: 1764M
 Pre-touch: Disabled
 Parallel Workers: 2
 Concurrent Workers: 1
 Concurrent Refinement Workers: 2
 Periodic GC: Disabled
Heap:
 garbage-first heap   total 364544K, used 193933K [0x0000000091c00000, 0x0000000100000000)
  region size 1024K, 116 young (118784K), 3 survivors (3072K)
 Metaspace       used 30786K, committed 31040K, reserved 1081344K
  class space    used 3437K, committed 3584K, reserved 1048576K
GC Heap History (20 events):
Event: 53.547 GC heap before
{Heap before GC invocations=37 (full 0):
 garbage-first heap   total 182272K, used 103795K [0x0000000091c00000, 0x0000000100000000)
  region size 1024K, 22 young (22528K), 1 survivors (1024K)
 Metaspace       used 24263K, committed 24576K, reserved 1073152K
  class space    used 2727K, committed 2880K, reserved 1048576K
}
Event: 53.550 GC heap after
{Heap after GC invocations=38 (full 0):
 garbage-first heap   total 182272K, used 81463K [0x0000000091c00000, 0x0000000100000000)
  region size 1024K, 2 young (2048K), 2 survivors (2048K)
 Metaspace       used 24263K, committed 24576K, reserved 1073152K
  class space    used 2727K, committed 2880K, reserved 1048576K
}
Event: 53.600 GC heap before
{Heap before GC invocations=38 (full 0):
 garbage-first heap   total 182272K, used 95799K [0x0000000091c00000, 0x0000000100000000)
  region size 1024K, 15 young (15360K), 2 survivors (2048K)
 Metaspace       used 24263K, committed 24576K, reserved 1073152K
  class space    used 2727K, committed 2880K, reserved 1048576K
}
Event: 53.602 GC heap after
{Heap after GC invocations=39 (full 0):
 garbage-first heap   total 182272K, used 83432K [0x0000000091c00000, 0x0000000100000000)
  region size 1024K, 2 young (2048K), 2 survivors (2048K)
 Metaspace       used 24263K, committed 24576K, reserved 1073152K
  class space    used 2727K, committed 2880K, reserved 1048576K
}
Event: 54.056 GC heap before
{Heap before GC invocations=40 (full 0):
 garbage-first heap   total 182272K, used 105960K [0x0000000091c00000, 0x0000000100000000)
  region size 1024K, 23 young (23552K), 2 survivors (2048K)
 Metaspace       used 24270K, committed 24576K, reserved 1073152K
  class space    used 2727K, committed 2880K, reserved 1048576K
}
Event: 54.059 GC heap after
{Heap after GC invocations=41 (full 0):
 garbage-first heap   total 182272K, used 83530K [0x0000000091c00000, 0x0000000100000000)
  region size 1024K, 2 young (2048K), 2 survivors (2048K)
 Metaspace       used 24270K, committed 24576K, reserved 1073152K
  class space    used 2727K, committed 2880K, reserved 1048576K
}
Event: 54.144 GC heap before
{Heap before GC invocations=42 (full 0):
 garbage-first heap   total 182272K, used 97866K [0x0000000091c00000, 0x0000000100000000)
  region size 1024K, 15 young (15360K), 2 survivors (2048K)
 Metaspace       used 24270K, committed 24576K, reserved 1073152K
  class space    used 2727K, committed 2880K, reserved 1048576K
}
Event: 54.147 GC heap after
{Heap after GC invocations=43 (full 0):
 garbage-first heap   total 182272K, used 85405K [0x0000000091c00000, 0x0000000100000000)
  region size 1024K, 1 young (1024K), 1 survivors (1024K)
 Metaspace       used 24270K, committed 24576K, reserved 1073152K
  class space    used 2727K, committed 2880K, reserved 1048576K
}
Event: 55.927 GC heap before
{Heap before GC invocations=44 (full 0):
 garbage-first heap   total 182272K, used 123293K [0x0000000091c00000, 0x0000000100000000)
  region size 1024K, 37 young (37888K), 1 survivors (1024K)
 Metaspace       used 26430K, committed 26752K, reserved 1073152K
  class space    used 3003K, committed 3200K, reserved 1048576K
}
Event: 55.985 GC heap after
{Heap after GC invocations=45 (full 1):
 garbage-first heap   total 182272K, used 74075K [0x0000000091c00000, 0x0000000100000000)
  region size 1024K, 0 young (0K), 0 survivors (0K)
 Metaspace       used 26430K, committed 26752K, reserved 1073152K
  class space    used 3003K, committed 3200K, reserved 1048576K
}
Event: 56.127 GC heap before
{Heap before GC invocations=45 (full 1):
 garbage-first heap   total 182272K, used 75099K [0x0000000091c00000, 0x0000000100000000)
  region size 1024K, 2 young (2048K), 0 survivors (0K)
 Metaspace       used 26673K, committed 26944K, reserved 1073152K
  class space    used 3064K, committed 3200K, reserved 1048576K
}
Event: 56.182 GC heap after
{Heap after GC invocations=46 (full 2):
 garbage-first heap   total 182272K, used 74125K [0x0000000091c00000, 0x0000000100000000)
  region size 1024K, 0 young (0K), 0 survivors (0K)
 Metaspace       used 26673K, committed 26944K, reserved 1073152K
  class space    used 3064K, committed 3200K, reserved 1048576K
}
Event: 61.956 GC heap before
{Heap before GC invocations=46 (full 2):
 garbage-first heap   total 182272K, used 163213K [0x0000000091c00000, 0x0000000100000000)
  region size 1024K, 85 young (87040K), 0 survivors (0K)
 Metaspace       used 28449K, committed 28672K, reserved 1081344K
  class space    used 3190K, committed 3328K, reserved 1048576K
}
Event: 61.962 GC heap after
{Heap after GC invocations=47 (full 2):
 garbage-first heap   total 182272K, used 78094K [0x0000000091c00000, 0x0000000100000000)
  region size 1024K, 2 young (2048K), 2 survivors (2048K)
 Metaspace       used 28449K, committed 28672K, reserved 1081344K
  class space    used 3190K, committed 3328K, reserved 1048576K
}
Event: 62.230 GC heap before
{Heap before GC invocations=47 (full 2):
 garbage-first heap   total 182272K, used 160014K [0x0000000091c00000, 0x0000000100000000)
  region size 1024K, 82 young (83968K), 2 survivors (2048K)
 Metaspace       used 28498K, committed 28800K, reserved 1081344K
  class space    used 3191K, committed 3328K, reserved 1048576K
}
Event: 62.235 GC heap after
{Heap after GC invocations=48 (full 2):
 garbage-first heap   total 182272K, used 78768K [0x0000000091c00000, 0x0000000100000000)
  region size 1024K, 3 young (3072K), 3 survivors (3072K)
 Metaspace       used 28498K, committed 28800K, reserved 1081344K
  class space    used 3191K, committed 3328K, reserved 1048576K
}
Event: 62.484 GC heap before
{Heap before GC invocations=48 (full 2):
 garbage-first heap   total 182272K, used 158640K [0x0000000091c00000, 0x0000000100000000)
  region size 1024K, 81 young (82944K), 3 survivors (3072K)
 Metaspace       used 28536K, committed 28800K, reserved 1081344K
  class space    used 3191K, committed 3328K, reserved 1048576K
}
Event: 62.495 GC heap after
{Heap after GC invocations=49 (full 2):
 garbage-first heap   total 182272K, used 79004K [0x0000000091c00000, 0x0000000100000000)
  region size 1024K, 3 young (3072K), 3 survivors (3072K)
 Metaspace       used 28536K, committed 28800K, reserved 1081344K
  class space    used 3191K, committed 3328K, reserved 1048576K
}
Event: 62.769 GC heap before
{Heap before GC invocations=49 (full 2):
 garbage-first heap   total 182272K, used 158876K [0x0000000091c00000, 0x0000000100000000)
  region size 1024K, 81 young (82944K), 3 survivors (3072K)
 Metaspace       used 28564K, committed 28864K, reserved 1081344K
  class space    used 3191K, committed 3328K, reserved 1048576K
}
Event: 62.778 GC heap after
{Heap after GC invocations=50 (full 2):
 garbage-first heap   total 364544K, used 79245K [0x0000000091c00000, 0x0000000100000000)
  region size 1024K, 3 young (3072K), 3 survivors (3072K)
 Metaspace       used 28564K, committed 28864K, reserved 1081344K
  class space    used 3191K, committed 3328K, reserved 1048576K
}

